<?xml version="1.0" encoding="UTF-8" ?>
<testsuite tests="5" failures="0" name="runner.TestRunner" time="2.688" errors="0" skipped="0">
  <properties>
[...]
</properties>
  <testcase classname="User is able to validate the GitHub API" name="User sets the base API request &quot;https://api.github.com&quot;" time="0.35"/>
  <testcase classname="User is able to validate the GitHub API" name="User authenticate the API using &quot;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&quot;" time="0.142"/>
  <testcase classname="User is able to validate the GitHub API" name="User sends the request to get all the repositories" time="2.196"/>
  <testcase classname="User is able to validate the GitHub API" name="User validates the response status is 200" time="0"/>
  <testcase classname="User is able to validate the GitHub API" name="User is able to validate the GitHub API" time="0"/>
</testsuite>